{"/Users/davidguyonvarch/git/perso/nest-boilerplate/src/common/index.ts": {"path":"/Users/davidguyonvarch/git/perso/nest-boilerplate/src/common/index.ts","statementMap":{"0":{"start":{"line":1,"column":0},"end":{"line":1,"column":29}},"1":{"start":{"line":2,"column":0},"end":{"line":2,"column":26}},"2":{"start":{"line":3,"column":0},"end":{"line":3,"column":31}}},"fnMap":{},"branchMap":{},"s":{"0":1,"1":1,"2":1},"f":{},"b":{}}
,"/Users/davidguyonvarch/git/perso/nest-boilerplate/src/common/decorators/index.ts": {"path":"/Users/davidguyonvarch/git/perso/nest-boilerplate/src/common/decorators/index.ts","statementMap":{"0":{"start":{"line":1,"column":0},"end":{"line":1,"column":37}}},"fnMap":{},"branchMap":{},"s":{"0":2},"f":{},"b":{}}
,"/Users/davidguyonvarch/git/perso/nest-boilerplate/src/common/decorators/req-user.decorator.ts": {"path":"/Users/davidguyonvarch/git/perso/nest-boilerplate/src/common/decorators/req-user.decorator.ts","statementMap":{"0":{"start":{"line":1,"column":0},"end":{"line":1,"column":72}},"1":{"start":{"line":5,"column":13},"end":{"line":14,"column":2}},"2":{"start":{"line":10,"column":20},"end":{"line":10,"column":51}},"3":{"start":{"line":11,"column":4},"end":{"line":11,"column":35}},"4":{"start":{"line":11,"column":15},"end":{"line":11,"column":35}},"5":{"start":{"line":12,"column":4},"end":{"line":12,"column":30}}},"fnMap":{"0":{"name":"(anonymous_0)","decl":{"start":{"line":6,"column":2},"end":{"line":6,"column":null}},"loc":{"start":{"line":9,"column":6},"end":{"line":13,"column":3}}}},"branchMap":{"0":{"loc":{"start":{"line":11,"column":4},"end":{"line":11,"column":35}},"type":"if","locations":[{"start":{"line":11,"column":4},"end":{"line":11,"column":35}}]}},"s":{"0":2,"1":2,"2":0,"3":0,"4":0,"5":0},"f":{"0":0},"b":{"0":[0]}}
,"/Users/davidguyonvarch/git/perso/nest-boilerplate/src/common/dto/http-error.output.dto.ts": {"path":"/Users/davidguyonvarch/git/perso/nest-boilerplate/src/common/dto/http-error.output.dto.ts","statementMap":{"0":{"start":{"line":7,"column":4},"end":{"line":7,"column":21}},"1":{"start":{"line":8,"column":4},"end":{"line":8,"column":27}},"2":{"start":{"line":9,"column":4},"end":{"line":9,"column":46}},"3":{"start":{"line":1,"column":0},"end":{"line":1,"column":13}}},"fnMap":{"0":{"name":"(anonymous_0)","decl":{"start":{"line":6,"column":2},"end":{"line":6,"column":14}},"loc":{"start":{"line":6,"column":43},"end":{"line":10,"column":3}}}},"branchMap":{},"s":{"0":0,"1":0,"2":0,"3":1},"f":{"0":0},"b":{}}
,"/Users/davidguyonvarch/git/perso/nest-boilerplate/src/common/filters/http-exception.filter.ts": {"path":"/Users/davidguyonvarch/git/perso/nest-boilerplate/src/common/filters/http-exception.filter.ts","statementMap":{"0":{"start":{"line":1,"column":0},"end":{"line":1,"column":null}},"1":{"start":{"line":15,"column":0},"end":{"line":15,"column":null}},"2":{"start":{"line":22,"column":0},"end":{"line":22,"column":66}},"3":{"start":{"line":25,"column":0},"end":{"line":104,"column":null}},"4":{"start":{"line":26,"column":31},"end":{"line":26,"column":52}},"5":{"start":{"line":29,"column":4},"end":{"line":29,"column":25}},"6":{"start":{"line":31,"column":16},"end":{"line":31,"column":35}},"7":{"start":{"line":32,"column":21},"end":{"line":32,"column":48}},"8":{"start":{"line":34,"column":4},"end":{"line":38,"column":null}},"9":{"start":{"line":35,"column":6},"end":{"line":37,"column":74}},"10":{"start":{"line":39,"column":4},"end":{"line":43,"column":null}},"11":{"start":{"line":40,"column":6},"end":{"line":42,"column":79}},"12":{"start":{"line":44,"column":4},"end":{"line":48,"column":null}},"13":{"start":{"line":45,"column":6},"end":{"line":47,"column":77}},"14":{"start":{"line":49,"column":4},"end":{"line":58,"column":null}},"15":{"start":{"line":53,"column":6},"end":{"line":57,"column":10}},"16":{"start":{"line":59,"column":4},"end":{"line":71,"column":null}},"17":{"start":{"line":63,"column":6},"end":{"line":70,"column":10}},"18":{"start":{"line":72,"column":4},"end":{"line":76,"column":null}},"19":{"start":{"line":73,"column":6},"end":{"line":75,"column":80}},"20":{"start":{"line":77,"column":4},"end":{"line":86,"column":null}},"21":{"start":{"line":78,"column":32},"end":{"line":78,"column":54}},"22":{"start":{"line":80,"column":8},"end":{"line":82,"column":32}},"23":{"start":{"line":83,"column":6},"end":{"line":85,"column":67}},"24":{"start":{"line":87,"column":4},"end":{"line":93,"column":null}},"25":{"start":{"line":88,"column":32},"end":{"line":88,"column":54}},"26":{"start":{"line":89,"column":30},"end":{"line":89,"column":50}},"27":{"start":{"line":90,"column":6},"end":{"line":92,"column":60}},"28":{"start":{"line":95,"column":4},"end":{"line":102,"column":8}},"29":{"start":{"line":25,"column":13},"end":{"line":104,"column":null}},"30":{"start":{"line":25,"column":13},"end":{"line":25,"column":32}}},"fnMap":{"0":{"name":"(anonymous_2)","decl":{"start":{"line":26,"column":2},"end":{"line":26,"column":31}},"loc":{"start":{"line":26,"column":52},"end":{"line":26,"column":56}}},"1":{"name":"(anonymous_3)","decl":{"start":{"line":28,"column":2},"end":{"line":28,"column":7}},"loc":{"start":{"line":28,"column":37},"end":{"line":103,"column":3}}}},"branchMap":{"0":{"loc":{"start":{"line":34,"column":4},"end":{"line":38,"column":null}},"type":"if","locations":[{"start":{"line":34,"column":4},"end":{"line":38,"column":null}}]},"1":{"loc":{"start":{"line":39,"column":4},"end":{"line":43,"column":null}},"type":"if","locations":[{"start":{"line":39,"column":4},"end":{"line":43,"column":null}}]},"2":{"loc":{"start":{"line":44,"column":4},"end":{"line":48,"column":null}},"type":"if","locations":[{"start":{"line":44,"column":4},"end":{"line":48,"column":null}}]},"3":{"loc":{"start":{"line":49,"column":4},"end":{"line":58,"column":null}},"type":"if","locations":[{"start":{"line":49,"column":4},"end":{"line":58,"column":null}}]},"4":{"loc":{"start":{"line":50,"column":6},"end":{"line":51,"column":33}},"type":"binary-expr","locations":[{"start":{"line":50,"column":6},"end":{"line":50,"column":45}},{"start":{"line":51,"column":6},"end":{"line":51,"column":33}}]},"5":{"loc":{"start":{"line":59,"column":4},"end":{"line":71,"column":null}},"type":"if","locations":[{"start":{"line":59,"column":4},"end":{"line":71,"column":null}}]},"6":{"loc":{"start":{"line":60,"column":6},"end":{"line":61,"column":52}},"type":"binary-expr","locations":[{"start":{"line":60,"column":6},"end":{"line":60,"column":40}},{"start":{"line":61,"column":6},"end":{"line":61,"column":52}}]},"7":{"loc":{"start":{"line":72,"column":4},"end":{"line":76,"column":null}},"type":"if","locations":[{"start":{"line":72,"column":4},"end":{"line":76,"column":null}}]},"8":{"loc":{"start":{"line":77,"column":4},"end":{"line":86,"column":null}},"type":"if","locations":[{"start":{"line":77,"column":4},"end":{"line":86,"column":null}}]},"9":{"loc":{"start":{"line":80,"column":8},"end":{"line":82,"column":32}},"type":"cond-expr","locations":[{"start":{"line":81,"column":12},"end":{"line":81,"column":43}},{"start":{"line":82,"column":12},"end":{"line":82,"column":32}}]},"10":{"loc":{"start":{"line":87,"column":4},"end":{"line":93,"column":null}},"type":"if","locations":[{"start":{"line":87,"column":4},"end":{"line":93,"column":null}}]}},"s":{"0":1,"1":1,"2":1,"3":1,"4":0,"5":0,"6":0,"7":0,"8":0,"9":0,"10":0,"11":0,"12":0,"13":0,"14":0,"15":0,"16":0,"17":0,"18":0,"19":0,"20":0,"21":0,"22":0,"23":0,"24":0,"25":0,"26":0,"27":0,"28":0,"29":1,"30":1},"f":{"0":0,"1":0},"b":{"0":[0],"1":[0],"2":[0],"3":[0],"4":[0,0],"5":[0],"6":[0,0],"7":[0],"8":[0],"9":[0,0],"10":[0]}}
,"/Users/davidguyonvarch/git/perso/nest-boilerplate/src/common/filters/index.ts": {"path":"/Users/davidguyonvarch/git/perso/nest-boilerplate/src/common/filters/index.ts","statementMap":{"0":{"start":{"line":1,"column":0},"end":{"line":1,"column":40}}},"fnMap":{},"branchMap":{},"s":{"0":1},"f":{},"b":{}}
,"/Users/davidguyonvarch/git/perso/nest-boilerplate/src/common/guards/access-token.guard.ts": {"path":"/Users/davidguyonvarch/git/perso/nest-boilerplate/src/common/guards/access-token.guard.ts","statementMap":{"0":{"start":{"line":1,"column":0},"end":{"line":1,"column":44}},"1":{"start":{"line":2,"column":0},"end":{"line":2,"column":45}},"2":{"start":{"line":5,"column":0},"end":{"line":5,"column":null}},"3":{"start":{"line":5,"column":13},"end":{"line":5,"column":null}},"4":{"start":{"line":5,"column":13},"end":{"line":5,"column":20}}},"fnMap":{},"branchMap":{},"s":{"0":9,"1":9,"2":9,"3":9,"4":9},"f":{},"b":{}}
,"/Users/davidguyonvarch/git/perso/nest-boilerplate/src/common/guards/admin.guard.ts": {"path":"/Users/davidguyonvarch/git/perso/nest-boilerplate/src/common/guards/admin.guard.ts","statementMap":{"0":{"start":{"line":1,"column":0},"end":{"line":1,"column":null}},"1":{"start":{"line":12,"column":0},"end":{"line":21,"column":null}},"2":{"start":{"line":16,"column":20},"end":{"line":16,"column":55}},"3":{"start":{"line":17,"column":17},"end":{"line":17,"column":47}},"4":{"start":{"line":18,"column":4},"end":{"line":18,"column":49}},"5":{"start":{"line":18,"column":15},"end":{"line":18,"column":49}},"6":{"start":{"line":19,"column":4},"end":{"line":19,"column":24}},"7":{"start":{"line":12,"column":13},"end":{"line":21,"column":null}},"8":{"start":{"line":12,"column":13},"end":{"line":12,"column":23}}},"fnMap":{"0":{"name":"(anonymous_1)","decl":{"start":{"line":13,"column":2},"end":{"line":13,"column":13}},"loc":{"start":{"line":14,"column":29},"end":{"line":20,"column":3}}}},"branchMap":{"0":{"loc":{"start":{"line":18,"column":4},"end":{"line":18,"column":49}},"type":"if","locations":[{"start":{"line":18,"column":4},"end":{"line":18,"column":49}}]}},"s":{"0":9,"1":9,"2":0,"3":0,"4":0,"5":0,"6":0,"7":9,"8":9},"f":{"0":0},"b":{"0":[0]}}
,"/Users/davidguyonvarch/git/perso/nest-boilerplate/src/common/guards/index.ts": {"path":"/Users/davidguyonvarch/git/perso/nest-boilerplate/src/common/guards/index.ts","statementMap":{"0":{"start":{"line":1,"column":0},"end":{"line":1,"column":37}},"1":{"start":{"line":2,"column":0},"end":{"line":2,"column":30}},"2":{"start":{"line":3,"column":0},"end":{"line":3,"column":38}}},"fnMap":{},"branchMap":{},"s":{"0":9,"1":9,"2":9},"f":{},"b":{}}
,"/Users/davidguyonvarch/git/perso/nest-boilerplate/src/common/guards/refresh-token.guard.ts": {"path":"/Users/davidguyonvarch/git/perso/nest-boilerplate/src/common/guards/refresh-token.guard.ts","statementMap":{"0":{"start":{"line":1,"column":0},"end":{"line":1,"column":44}},"1":{"start":{"line":2,"column":0},"end":{"line":2,"column":45}},"2":{"start":{"line":5,"column":0},"end":{"line":5,"column":null}},"3":{"start":{"line":5,"column":13},"end":{"line":5,"column":null}},"4":{"start":{"line":5,"column":13},"end":{"line":5,"column":20}}},"fnMap":{},"branchMap":{},"s":{"0":9,"1":9,"2":9,"3":9,"4":9},"f":{},"b":{}}
,"/Users/davidguyonvarch/git/perso/nest-boilerplate/src/common/interceptors/index.ts": {"path":"/Users/davidguyonvarch/git/perso/nest-boilerplate/src/common/interceptors/index.ts","statementMap":{"0":{"start":{"line":1,"column":0},"end":{"line":1,"column":45}}},"fnMap":{},"branchMap":{},"s":{"0":1},"f":{},"b":{}}
,"/Users/davidguyonvarch/git/perso/nest-boilerplate/src/common/interceptors/request-logger.interceptor.ts": {"path":"/Users/davidguyonvarch/git/perso/nest-boilerplate/src/common/interceptors/request-logger.interceptor.ts","statementMap":{"0":{"start":{"line":1,"column":0},"end":{"line":1,"column":null}},"1":{"start":{"line":15,"column":0},"end":{"line":31,"column":null}},"2":{"start":{"line":20,"column":31},"end":{"line":20,"column":52}},"3":{"start":{"line":28,"column":4},"end":{"line":28,"column":65}},"4":{"start":{"line":29,"column":4},"end":{"line":29,"column":25}},"5":{"start":{"line":15,"column":13},"end":{"line":31,"column":null}},"6":{"start":{"line":15,"column":13},"end":{"line":15,"column":37}}},"fnMap":{"0":{"name":"(anonymous_2)","decl":{"start":{"line":20,"column":2},"end":{"line":20,"column":31}},"loc":{"start":{"line":20,"column":52},"end":{"line":20,"column":56}}},"1":{"name":"(anonymous_3)","decl":{"start":{"line":27,"column":2},"end":{"line":27,"column":11}},"loc":{"start":{"line":27,"column":56},"end":{"line":30,"column":3}}}},"branchMap":{},"s":{"0":1,"1":1,"2":0,"3":0,"4":0,"5":1,"6":1},"f":{"0":0,"1":0},"b":{}}
,"/Users/davidguyonvarch/git/perso/nest-boilerplate/src/config/app.configuration.ts": {"path":"/Users/davidguyonvarch/git/perso/nest-boilerplate/src/config/app.configuration.ts","statementMap":{"0":{"start":{"line":5,"column":0},"end":{"line":7,"column":3}},"1":{"start":{"line":5,"column":27},"end":{"line":7,"column":2}}},"fnMap":{"0":{"name":"(anonymous_0)","decl":{"start":{"line":5,"column":15},"end":{"line":5,"column":23}},"loc":{"start":{"line":5,"column":27},"end":{"line":7,"column":2}}}},"branchMap":{"0":{"loc":{"start":{"line":6,"column":17},"end":{"line":6,"column":43}},"type":"binary-expr","locations":[{"start":{"line":6,"column":17},"end":{"line":6,"column":33}},{"start":{"line":6,"column":37},"end":{"line":6,"column":43}}]}},"s":{"0":9,"1":0},"f":{"0":0},"b":{"0":[0,0]}}
,"/Users/davidguyonvarch/git/perso/nest-boilerplate/src/config/auth.configuration.ts": {"path":"/Users/davidguyonvarch/git/perso/nest-boilerplate/src/config/auth.configuration.ts","statementMap":{"0":{"start":{"line":12,"column":0},"end":{"line":26,"column":3}},"1":{"start":{"line":12,"column":34},"end":{"line":26,"column":2}}},"fnMap":{"0":{"name":"(anonymous_0)","decl":{"start":{"line":12,"column":15},"end":{"line":12,"column":30}},"loc":{"start":{"line":12,"column":34},"end":{"line":26,"column":2}}}},"branchMap":{"0":{"loc":{"start":{"line":14,"column":12},"end":{"line":14,"column":46}},"type":"binary-expr","locations":[{"start":{"line":14,"column":12},"end":{"line":14,"column":34}},{"start":{"line":14,"column":38},"end":{"line":14,"column":46}}]},"1":{"loc":{"start":{"line":15,"column":14},"end":{"line":15,"column":52}},"type":"binary-expr","locations":[{"start":{"line":15,"column":14},"end":{"line":15,"column":38}},{"start":{"line":15,"column":42},"end":{"line":15,"column":52}}]},"2":{"loc":{"start":{"line":17,"column":6},"end":{"line":17,"column":65}},"type":"binary-expr","locations":[{"start":{"line":17,"column":6},"end":{"line":17,"column":40}},{"start":{"line":17,"column":44},"end":{"line":17,"column":65}}]},"3":{"loc":{"start":{"line":19,"column":6},"end":{"line":19,"column":70}},"type":"binary-expr","locations":[{"start":{"line":19,"column":6},"end":{"line":19,"column":59}},{"start":{"line":19,"column":63},"end":{"line":19,"column":70}}]},"4":{"loc":{"start":{"line":19,"column":15},"end":{"line":19,"column":58}},"type":"binary-expr","locations":[{"start":{"line":19,"column":15},"end":{"line":19,"column":52}},{"start":{"line":19,"column":56},"end":{"line":19,"column":58}}]},"5":{"loc":{"start":{"line":21,"column":6},"end":{"line":21,"column":67}},"type":"binary-expr","locations":[{"start":{"line":21,"column":6},"end":{"line":21,"column":41}},{"start":{"line":21,"column":45},"end":{"line":21,"column":67}}]},"6":{"loc":{"start":{"line":23,"column":6},"end":{"line":24,"column":23}},"type":"binary-expr","locations":[{"start":{"line":23,"column":6},"end":{"line":23,"column":60}},{"start":{"line":24,"column":6},"end":{"line":24,"column":23}}]},"7":{"loc":{"start":{"line":23,"column":15},"end":{"line":23,"column":59}},"type":"binary-expr","locations":[{"start":{"line":23,"column":15},"end":{"line":23,"column":53}},{"start":{"line":23,"column":57},"end":{"line":23,"column":59}}]}},"s":{"0":9,"1":0},"f":{"0":0},"b":{"0":[0,0],"1":[0,0],"2":[0,0],"3":[0,0],"4":[0,0],"5":[0,0],"6":[0,0],"7":[0,0]}}
,"/Users/davidguyonvarch/git/perso/nest-boilerplate/src/config/db.configuration.ts": {"path":"/Users/davidguyonvarch/git/perso/nest-boilerplate/src/config/db.configuration.ts","statementMap":{"0":{"start":{"line":5,"column":0},"end":{"line":7,"column":3}},"1":{"start":{"line":5,"column":32},"end":{"line":7,"column":2}}},"fnMap":{"0":{"name":"(anonymous_0)","decl":{"start":{"line":5,"column":15},"end":{"line":5,"column":28}},"loc":{"start":{"line":5,"column":32},"end":{"line":7,"column":2}}}},"branchMap":{"0":{"loc":{"start":{"line":6,"column":7},"end":{"line":6,"column":50}},"type":"binary-expr","locations":[{"start":{"line":6,"column":7},"end":{"line":6,"column":31}},{"start":{"line":6,"column":35},"end":{"line":6,"column":50}}]}},"s":{"0":9,"1":0},"f":{"0":0},"b":{"0":[0,0]}}
,"/Users/davidguyonvarch/git/perso/nest-boilerplate/src/config/index.ts": {"path":"/Users/davidguyonvarch/git/perso/nest-boilerplate/src/config/index.ts","statementMap":{"0":{"start":{"line":1,"column":0},"end":{"line":1,"column":7}},"1":{"start":{"line":8,"column":2},"end":{"line":1,"column":59}},"2":{"start":{"line":2,"column":0},"end":{"line":2,"column":7}},"3":{"start":{"line":10,"column":2},"end":{"line":2,"column":62}},"4":{"start":{"line":3,"column":0},"end":{"line":3,"column":7}},"5":{"start":{"line":12,"column":2},"end":{"line":3,"column":56}},"6":{"start":{"line":4,"column":0},"end":{"line":4,"column":7}},"7":{"start":{"line":14,"column":2},"end":{"line":4,"column":68}}},"fnMap":{},"branchMap":{},"s":{"0":9,"1":9,"2":9,"3":9,"4":9,"5":9,"6":9,"7":9},"f":{},"b":{}}
,"/Users/davidguyonvarch/git/perso/nest-boilerplate/src/config/logger.configuration.ts": {"path":"/Users/davidguyonvarch/git/perso/nest-boilerplate/src/config/logger.configuration.ts","statementMap":{"0":{"start":{"line":7,"column":0},"end":{"line":11,"column":3}},"1":{"start":{"line":7,"column":36},"end":{"line":11,"column":2}}},"fnMap":{"0":{"name":"(anonymous_0)","decl":{"start":{"line":7,"column":15},"end":{"line":7,"column":32}},"loc":{"start":{"line":7,"column":36},"end":{"line":11,"column":2}}}},"branchMap":{"0":{"loc":{"start":{"line":9,"column":5},"end":{"line":10,"column":63}},"type":"binary-expr","locations":[{"start":{"line":9,"column":5},"end":{"line":9,"column":46}},{"start":{"line":10,"column":5},"end":{"line":10,"column":62}}]},"1":{"loc":{"start":{"line":10,"column":5},"end":{"line":10,"column":62}},"type":"cond-expr","locations":[{"start":{"line":10,"column":45},"end":{"line":10,"column":52}},{"start":{"line":10,"column":55},"end":{"line":10,"column":62}}]}},"s":{"0":9,"1":0},"f":{"0":0},"b":{"0":[0,0],"1":[0,0]}}
,"/Users/davidguyonvarch/git/perso/nest-boilerplate/src/core/index.ts": {"path":"/Users/davidguyonvarch/git/perso/nest-boilerplate/src/core/index.ts","statementMap":{"0":{"start":{"line":1,"column":0},"end":{"line":1,"column":32}},"1":{"start":{"line":2,"column":0},"end":{"line":2,"column":25}},"2":{"start":{"line":3,"column":0},"end":{"line":3,"column":25}},"3":{"start":{"line":4,"column":0},"end":{"line":4,"column":25}}},"fnMap":{},"branchMap":{},"s":{"0":7,"1":7,"2":7,"3":7},"f":{},"b":{}}
,"/Users/davidguyonvarch/git/perso/nest-boilerplate/src/core/configuration/configuration.module.ts": {"path":"/Users/davidguyonvarch/git/perso/nest-boilerplate/src/core/configuration/configuration.module.ts","statementMap":{"0":{"start":{"line":1,"column":0},"end":{"line":1,"column":40}},"1":{"start":{"line":2,"column":0},"end":{"line":2,"column":61}},"2":{"start":{"line":4,"column":0},"end":{"line":4,"column":77}},"3":{"start":{"line":15,"column":0},"end":{"line":15,"column":null}},"4":{"start":{"line":15,"column":13},"end":{"line":15,"column":null}},"5":{"start":{"line":15,"column":13},"end":{"line":15,"column":32}}},"fnMap":{},"branchMap":{},"s":{"0":9,"1":9,"2":9,"3":9,"4":9,"5":9},"f":{},"b":{}}
,"/Users/davidguyonvarch/git/perso/nest-boilerplate/src/core/configuration/index.ts": {"path":"/Users/davidguyonvarch/git/perso/nest-boilerplate/src/core/configuration/index.ts","statementMap":{"0":{"start":{"line":1,"column":0},"end":{"line":1,"column":39}}},"fnMap":{},"branchMap":{},"s":{"0":9},"f":{},"b":{}}
,"/Users/davidguyonvarch/git/perso/nest-boilerplate/src/core/health/health.controller.ts": {"path":"/Users/davidguyonvarch/git/perso/nest-boilerplate/src/core/health/health.controller.ts","statementMap":{"0":{"start":{"line":1,"column":0},"end":{"line":1,"column":49}},"1":{"start":{"line":2,"column":0},"end":{"line":2,"column":57}},"2":{"start":{"line":3,"column":0},"end":{"line":3,"column":67}},"3":{"start":{"line":5,"column":0},"end":{"line":5,"column":66}},"4":{"start":{"line":9,"column":0},"end":{"line":25,"column":null}},"5":{"start":{"line":11,"column":21},"end":{"line":11,"column":29}},"6":{"start":{"line":12,"column":21},"end":{"line":12,"column":44}},"7":{"start":{"line":21,"column":4},"end":{"line":23,"column":7}},"8":{"start":{"line":22,"column":12},"end":{"line":22,"column":58}},"9":{"start":{"line":20,"column":2},"end":{"line":24,"column":null}},"10":{"start":{"line":9,"column":13},"end":{"line":25,"column":null}},"11":{"start":{"line":9,"column":13},"end":{"line":9,"column":29}}},"fnMap":{"0":{"name":"(anonymous_2)","decl":{"start":{"line":10,"column":2},"end":{"line":10,"column":null}},"loc":{"start":{"line":12,"column":65},"end":{"line":13,"column":6}}},"1":{"name":"(anonymous_3)","decl":{"start":{"line":20,"column":2},"end":{"line":20,"column":7}},"loc":{"start":{"line":20,"column":13},"end":{"line":24,"column":3}}},"2":{"name":"(anonymous_4)","decl":{"start":{"line":22,"column":6},"end":{"line":22,"column":9}},"loc":{"start":{"line":22,"column":12},"end":{"line":22,"column":58}}}},"branchMap":{},"s":{"0":8,"1":8,"2":8,"3":8,"4":8,"5":1,"6":1,"7":1,"8":1,"9":8,"10":8,"11":8},"f":{"0":1,"1":1,"2":1},"b":{}}
,"/Users/davidguyonvarch/git/perso/nest-boilerplate/src/core/health/health.module.ts": {"path":"/Users/davidguyonvarch/git/perso/nest-boilerplate/src/core/health/health.module.ts","statementMap":{"0":{"start":{"line":1,"column":0},"end":{"line":1,"column":40}},"1":{"start":{"line":2,"column":0},"end":{"line":2,"column":50}},"2":{"start":{"line":4,"column":0},"end":{"line":4,"column":41}},"3":{"start":{"line":5,"column":0},"end":{"line":5,"column":41}},"4":{"start":{"line":6,"column":0},"end":{"line":6,"column":55}},"5":{"start":{"line":7,"column":0},"end":{"line":7,"column":66}},"6":{"start":{"line":14,"column":0},"end":{"line":14,"column":null}},"7":{"start":{"line":14,"column":13},"end":{"line":14,"column":null}},"8":{"start":{"line":14,"column":13},"end":{"line":14,"column":25}}},"fnMap":{},"branchMap":{},"s":{"0":7,"1":7,"2":7,"3":7,"4":7,"5":7,"6":7,"7":7,"8":7},"f":{},"b":{}}
,"/Users/davidguyonvarch/git/perso/nest-boilerplate/src/core/health/index.ts": {"path":"/Users/davidguyonvarch/git/perso/nest-boilerplate/src/core/health/index.ts","statementMap":{"0":{"start":{"line":1,"column":0},"end":{"line":1,"column":32}}},"fnMap":{},"branchMap":{},"s":{"0":7},"f":{},"b":{}}
,"/Users/davidguyonvarch/git/perso/nest-boilerplate/src/core/health/prisma.health.indicator.ts": {"path":"/Users/davidguyonvarch/git/perso/nest-boilerplate/src/core/health/prisma.health.indicator.ts","statementMap":{"0":{"start":{"line":1,"column":0},"end":{"line":1,"column":44}},"1":{"start":{"line":2,"column":0},"end":{"line":2,"column":null}},"2":{"start":{"line":8,"column":0},"end":{"line":8,"column":42}},"3":{"start":{"line":11,"column":0},"end":{"line":24,"column":null}},"4":{"start":{"line":13,"column":4},"end":{"line":13,"column":12}},"5":{"start":{"line":12,"column":31},"end":{"line":12,"column":46}},"6":{"start":{"line":17,"column":4},"end":{"line":22,"column":null}},"7":{"start":{"line":18,"column":6},"end":{"line":18,"column":51}},"8":{"start":{"line":19,"column":6},"end":{"line":19,"column":39}},"9":{"start":{"line":21,"column":6},"end":{"line":21,"column":59}},"10":{"start":{"line":11,"column":13},"end":{"line":24,"column":null}},"11":{"start":{"line":11,"column":13},"end":{"line":11,"column":34}}},"fnMap":{"0":{"name":"(anonymous_2)","decl":{"start":{"line":12,"column":2},"end":{"line":12,"column":31}},"loc":{"start":{"line":12,"column":59},"end":{"line":14,"column":3}}},"1":{"name":"(anonymous_3)","decl":{"start":{"line":16,"column":2},"end":{"line":16,"column":7}},"loc":{"start":{"line":16,"column":29},"end":{"line":23,"column":3}}}},"branchMap":{},"s":{"0":9,"1":9,"2":9,"3":9,"4":2,"5":2,"6":2,"7":2,"8":1,"9":1,"10":9,"11":9},"f":{"0":2,"1":2},"b":{}}
,"/Users/davidguyonvarch/git/perso/nest-boilerplate/src/core/logger/change-log-level.dto.ts": {"path":"/Users/davidguyonvarch/git/perso/nest-boilerplate/src/core/logger/change-log-level.dto.ts","statementMap":{"0":{"start":{"line":1,"column":0},"end":{"line":1,"column":46}},"1":{"start":{"line":2,"column":0},"end":{"line":2,"column":41}},"2":{"start":{"line":5,"column":21},"end":{"line":5,"column":74}},"3":{"start":{"line":9,"column":2},"end":{"line":9,"column":null}},"4":{"start":{"line":6,"column":0},"end":{"line":6,"column":13}}},"fnMap":{},"branchMap":{},"s":{"0":9,"1":9,"2":9,"3":9,"4":9},"f":{},"b":{}}
,"/Users/davidguyonvarch/git/perso/nest-boilerplate/src/core/logger/index.ts": {"path":"/Users/davidguyonvarch/git/perso/nest-boilerplate/src/core/logger/index.ts","statementMap":{"0":{"start":{"line":1,"column":0},"end":{"line":1,"column":39}},"1":{"start":{"line":2,"column":0},"end":{"line":2,"column":36}},"2":{"start":{"line":3,"column":0},"end":{"line":3,"column":32}},"3":{"start":{"line":4,"column":0},"end":{"line":4,"column":33}}},"fnMap":{},"branchMap":{},"s":{"0":9,"1":9,"2":9,"3":9},"f":{},"b":{}}
,"/Users/davidguyonvarch/git/perso/nest-boilerplate/src/core/logger/logger.controller.ts": {"path":"/Users/davidguyonvarch/git/perso/nest-boilerplate/src/core/logger/logger.controller.ts","statementMap":{"0":{"start":{"line":1,"column":0},"end":{"line":1,"column":78}},"1":{"start":{"line":2,"column":0},"end":{"line":2,"column":57}},"2":{"start":{"line":4,"column":0},"end":{"line":4,"column":58}},"3":{"start":{"line":5,"column":0},"end":{"line":5,"column":59}},"4":{"start":{"line":6,"column":0},"end":{"line":6,"column":49}},"5":{"start":{"line":10,"column":0},"end":{"line":22,"column":null}},"6":{"start":{"line":11,"column":31},"end":{"line":11,"column":46}},"7":{"start":{"line":20,"column":4},"end":{"line":20,"column":48}},"8":{"start":{"line":19,"column":2},"end":{"line":21,"column":null}},"9":{"start":{"line":10,"column":13},"end":{"line":22,"column":null}},"10":{"start":{"line":10,"column":13},"end":{"line":10,"column":29}}},"fnMap":{"0":{"name":"(anonymous_4)","decl":{"start":{"line":11,"column":2},"end":{"line":11,"column":31}},"loc":{"start":{"line":11,"column":59},"end":{"line":11,"column":63}}},"1":{"name":"(anonymous_5)","decl":{"start":{"line":19,"column":2},"end":{"line":19,"column":16}},"loc":{"start":{"line":19,"column":56},"end":{"line":21,"column":3}}}},"branchMap":{},"s":{"0":9,"1":9,"2":9,"3":9,"4":9,"5":9,"6":1,"7":1,"8":9,"9":9,"10":9},"f":{"0":1,"1":1},"b":{}}
,"/Users/davidguyonvarch/git/perso/nest-boilerplate/src/core/logger/logger.module.ts": {"path":"/Users/davidguyonvarch/git/perso/nest-boilerplate/src/core/logger/logger.module.ts","statementMap":{"0":{"start":{"line":1,"column":0},"end":{"line":1,"column":40}},"1":{"start":{"line":2,"column":0},"end":{"line":2,"column":47}},"2":{"start":{"line":3,"column":0},"end":{"line":3,"column":71}},"3":{"start":{"line":4,"column":0},"end":{"line":4,"column":36}},"4":{"start":{"line":7,"column":0},"end":{"line":7,"column":55}},"5":{"start":{"line":8,"column":0},"end":{"line":8,"column":55}},"6":{"start":{"line":9,"column":0},"end":{"line":9,"column":49}},"7":{"start":{"line":34,"column":0},"end":{"line":34,"column":null}},"8":{"start":{"line":34,"column":13},"end":{"line":34,"column":null}},"9":{"start":{"line":19,"column":8},"end":{"line":28,"column":10}},"10":{"start":{"line":22,"column":36},"end":{"line":22,"column":78}},"11":{"start":{"line":34,"column":13},"end":{"line":34,"column":25}}},"fnMap":{"0":{"name":"(anonymous_1)","decl":{"start":{"line":18,"column":18},"end":{"line":18,"column":19}},"loc":{"start":{"line":18,"column":66},"end":{"line":29,"column":7}}},"1":{"name":"(anonymous_2)","decl":{"start":{"line":22,"column":22},"end":{"line":22,"column":23}},"loc":{"start":{"line":22,"column":36},"end":{"line":22,"column":78}}}},"branchMap":{"0":{"loc":{"start":{"line":24,"column":14},"end":{"line":26,"column":27}},"type":"cond-expr","locations":[{"start":{"line":25,"column":18},"end":{"line":25,"column":43}},{"start":{"line":26,"column":18},"end":{"line":26,"column":27}}]}},"s":{"0":9,"1":9,"2":9,"3":9,"4":9,"5":9,"6":9,"7":9,"8":9,"9":0,"10":0,"11":9},"f":{"0":0,"1":0},"b":{"0":[0,0]}}
,"/Users/davidguyonvarch/git/perso/nest-boilerplate/src/core/logger/logger.service.ts": {"path":"/Users/davidguyonvarch/git/perso/nest-boilerplate/src/core/logger/logger.service.ts","statementMap":{"0":{"start":{"line":1,"column":0},"end":{"line":1,"column":44}},"1":{"start":{"line":2,"column":0},"end":{"line":2,"column":49}},"2":{"start":{"line":6,"column":0},"end":{"line":10,"column":null}},"3":{"start":{"line":8,"column":4},"end":{"line":8,"column":37}},"4":{"start":{"line":6,"column":13},"end":{"line":10,"column":null}},"5":{"start":{"line":6,"column":13},"end":{"line":6,"column":26}}},"fnMap":{"0":{"name":"(anonymous_1)","decl":{"start":{"line":7,"column":2},"end":{"line":7,"column":16}},"loc":{"start":{"line":7,"column":42},"end":{"line":9,"column":3}}}},"branchMap":{},"s":{"0":9,"1":9,"2":9,"3":1,"4":9,"5":9},"f":{"0":1},"b":{}}
,"/Users/davidguyonvarch/git/perso/nest-boilerplate/src/core/prisma/index.ts": {"path":"/Users/davidguyonvarch/git/perso/nest-boilerplate/src/core/prisma/index.ts","statementMap":{"0":{"start":{"line":1,"column":0},"end":{"line":1,"column":32}},"1":{"start":{"line":2,"column":0},"end":{"line":2,"column":33}}},"fnMap":{},"branchMap":{},"s":{"0":9,"1":9},"f":{},"b":{}}
,"/Users/davidguyonvarch/git/perso/nest-boilerplate/src/core/prisma/prisma.module.ts": {"path":"/Users/davidguyonvarch/git/perso/nest-boilerplate/src/core/prisma/prisma.module.ts","statementMap":{"0":{"start":{"line":1,"column":0},"end":{"line":1,"column":40}},"1":{"start":{"line":2,"column":0},"end":{"line":2,"column":46}},"2":{"start":{"line":4,"column":0},"end":{"line":4,"column":41}},"3":{"start":{"line":5,"column":0},"end":{"line":5,"column":49}},"4":{"start":{"line":12,"column":0},"end":{"line":12,"column":null}},"5":{"start":{"line":12,"column":13},"end":{"line":12,"column":null}},"6":{"start":{"line":12,"column":13},"end":{"line":12,"column":25}}},"fnMap":{},"branchMap":{},"s":{"0":9,"1":9,"2":9,"3":9,"4":9,"5":9,"6":9},"f":{},"b":{}}
,"/Users/davidguyonvarch/git/perso/nest-boilerplate/src/core/prisma/prisma.service.ts": {"path":"/Users/davidguyonvarch/git/perso/nest-boilerplate/src/core/prisma/prisma.service.ts","statementMap":{"0":{"start":{"line":1,"column":0},"end":{"line":1,"column":75}},"1":{"start":{"line":2,"column":0},"end":{"line":2,"column":47}},"2":{"start":{"line":3,"column":0},"end":{"line":3,"column":54}},"3":{"start":{"line":6,"column":0},"end":{"line":6,"column":42}},"4":{"start":{"line":8,"column":27},"end":{"line":8,"column":42}},"5":{"start":{"line":11,"column":0},"end":{"line":74,"column":null}},"6":{"start":{"line":19,"column":4},"end":{"line":37,"column":7}},"7":{"start":{"line":16,"column":21},"end":{"line":16,"column":36}},"8":{"start":{"line":17,"column":21},"end":{"line":17,"column":36}},"9":{"start":{"line":41,"column":4},"end":{"line":41,"column":26}},"10":{"start":{"line":42,"column":4},"end":{"line":44,"column":7}},"11":{"start":{"line":43,"column":6},"end":{"line":43,"column":64}},"12":{"start":{"line":45,"column":4},"end":{"line":47,"column":7}},"13":{"start":{"line":46,"column":6},"end":{"line":46,"column":65}},"14":{"start":{"line":48,"column":4},"end":{"line":50,"column":7}},"15":{"start":{"line":49,"column":6},"end":{"line":49,"column":66}},"16":{"start":{"line":52,"column":4},"end":{"line":68,"column":7}},"17":{"start":{"line":53,"column":21},"end":{"line":53,"column":31}},"18":{"start":{"line":54,"column":21},"end":{"line":54,"column":39}},"19":{"start":{"line":55,"column":20},"end":{"line":55,"column":30}},"20":{"start":{"line":56,"column":6},"end":{"line":65,"column":8}},"21":{"start":{"line":67,"column":6},"end":{"line":67,"column":20}},"22":{"start":{"line":72,"column":4},"end":{"line":72,"column":29}},"23":{"start":{"line":11,"column":13},"end":{"line":74,"column":null}},"24":{"start":{"line":11,"column":13},"end":{"line":11,"column":26}}},"fnMap":{"0":{"name":"(anonymous_2)","decl":{"start":{"line":15,"column":2},"end":{"line":15,"column":null}},"loc":{"start":{"line":17,"column":49},"end":{"line":38,"column":3}}},"1":{"name":"(anonymous_3)","decl":{"start":{"line":40,"column":2},"end":{"line":40,"column":7}},"loc":{"start":{"line":40,"column":20},"end":{"line":69,"column":3}}},"2":{"name":"(anonymous_4)","decl":{"start":{"line":42,"column":26},"end":{"line":42,"column":27}},"loc":{"start":{"line":42,"column":53},"end":{"line":44,"column":5}}},"3":{"name":"(anonymous_5)","decl":{"start":{"line":45,"column":26},"end":{"line":45,"column":27}},"loc":{"start":{"line":45,"column":53},"end":{"line":47,"column":5}}},"4":{"name":"(anonymous_6)","decl":{"start":{"line":48,"column":27},"end":{"line":48,"column":28}},"loc":{"start":{"line":48,"column":54},"end":{"line":50,"column":5}}},"5":{"name":"(anonymous_7)","decl":{"start":{"line":52,"column":14},"end":{"line":52,"column":19}},"loc":{"start":{"line":52,"column":37},"end":{"line":68,"column":5}}},"6":{"name":"(anonymous_8)","decl":{"start":{"line":71,"column":2},"end":{"line":71,"column":7}},"loc":{"start":{"line":71,"column":23},"end":{"line":73,"column":3}}}},"branchMap":{},"s":{"0":9,"1":9,"2":9,"3":9,"4":9,"5":9,"6":0,"7":0,"8":0,"9":0,"10":0,"11":0,"12":0,"13":0,"14":0,"15":0,"16":0,"17":0,"18":0,"19":0,"20":0,"21":0,"22":0,"23":9,"24":9},"f":{"0":0,"1":0,"2":0,"3":0,"4":0,"5":0,"6":0},"b":{}}
,"/Users/davidguyonvarch/git/perso/nest-boilerplate/src/modules/auth/auth.controller.ts": {"path":"/Users/davidguyonvarch/git/perso/nest-boilerplate/src/modules/auth/auth.controller.ts","statementMap":{"0":{"start":{"line":1,"column":0},"end":{"line":1,"column":null}},"1":{"start":{"line":10,"column":0},"end":{"line":10,"column":null}},"2":{"start":{"line":18,"column":0},"end":{"line":18,"column":39}},"3":{"start":{"line":19,"column":0},"end":{"line":19,"column":55}},"4":{"start":{"line":20,"column":0},"end":{"line":20,"column":45}},"5":{"start":{"line":21,"column":0},"end":{"line":21,"column":71}},"6":{"start":{"line":25,"column":0},"end":{"line":74,"column":null}},"7":{"start":{"line":26,"column":31},"end":{"line":26,"column":44}},"8":{"start":{"line":33,"column":4},"end":{"line":33,"column":46}},"9":{"start":{"line":45,"column":4},"end":{"line":45,"column":51}},"10":{"start":{"line":57,"column":4},"end":{"line":57,"column":43}},"11":{"start":{"line":72,"column":4},"end":{"line":72,"column":69}},"12":{"start":{"line":32,"column":2},"end":{"line":34,"column":null}},"13":{"start":{"line":44,"column":2},"end":{"line":46,"column":null}},"14":{"start":{"line":56,"column":2},"end":{"line":58,"column":null}},"15":{"start":{"line":68,"column":2},"end":{"line":73,"column":null}},"16":{"start":{"line":25,"column":13},"end":{"line":74,"column":null}},"17":{"start":{"line":25,"column":13},"end":{"line":25,"column":27}}},"fnMap":{"0":{"name":"(anonymous_4)","decl":{"start":{"line":26,"column":2},"end":{"line":26,"column":31}},"loc":{"start":{"line":26,"column":55},"end":{"line":26,"column":59}}},"1":{"name":"(anonymous_5)","decl":{"start":{"line":32,"column":2},"end":{"line":32,"column":7}},"loc":{"start":{"line":32,"column":50},"end":{"line":34,"column":3}}},"2":{"name":"(anonymous_6)","decl":{"start":{"line":44,"column":2},"end":{"line":44,"column":7}},"loc":{"start":{"line":44,"column":52},"end":{"line":46,"column":3}}},"3":{"name":"(anonymous_7)","decl":{"start":{"line":56,"column":2},"end":{"line":56,"column":7}},"loc":{"start":{"line":56,"column":44},"end":{"line":58,"column":3}}},"4":{"name":"(anonymous_8)","decl":{"start":{"line":68,"column":2},"end":{"line":68,"column":7}},"loc":{"start":{"line":70,"column":49},"end":{"line":73,"column":3}}}},"branchMap":{},"s":{"0":1,"1":1,"2":1,"3":1,"4":1,"5":1,"6":1,"7":4,"8":1,"9":1,"10":1,"11":1,"12":1,"13":1,"14":1,"15":1,"16":1,"17":1},"f":{"0":4,"1":1,"2":1,"3":1,"4":1},"b":{}}
,"/Users/davidguyonvarch/git/perso/nest-boilerplate/src/modules/auth/auth.service.ts": {"path":"/Users/davidguyonvarch/git/perso/nest-boilerplate/src/modules/auth/auth.service.ts","statementMap":{"0":{"start":{"line":1,"column":0},"end":{"line":1,"column":44}},"1":{"start":{"line":3,"column":0},"end":{"line":3,"column":43}},"2":{"start":{"line":6,"column":0},"end":{"line":6,"column":54}},"3":{"start":{"line":8,"column":0},"end":{"line":8,"column":null}},"4":{"start":{"line":15,"column":0},"end":{"line":15,"column":53}},"5":{"start":{"line":16,"column":0},"end":{"line":16,"column":49}},"6":{"start":{"line":19,"column":24},"end":{"line":128,"column":null}},"7":{"start":{"line":21,"column":21},"end":{"line":21,"column":35}},"8":{"start":{"line":22,"column":21},"end":{"line":22,"column":38}},"9":{"start":{"line":23,"column":21},"end":{"line":23,"column":36}},"10":{"start":{"line":24,"column":21},"end":{"line":24,"column":36}},"11":{"start":{"line":28,"column":4},"end":{"line":32,"column":6}},"12":{"start":{"line":33,"column":26},"end":{"line":34,"column":null}},"13":{"start":{"line":36,"column":4},"end":{"line":38,"column":null}},"14":{"start":{"line":37,"column":6},"end":{"line":37,"column":47}},"15":{"start":{"line":40,"column":21},"end":{"line":40,"column":79}},"16":{"start":{"line":41,"column":17},"end":{"line":43,"column":null}},"17":{"start":{"line":46,"column":4},"end":{"line":46,"column":51}},"18":{"start":{"line":47,"column":20},"end":{"line":47,"column":68}},"19":{"start":{"line":48,"column":19},"end":{"line":48,"column":67}},"20":{"start":{"line":49,"column":31},"end":{"line":50,"column":null}},"21":{"start":{"line":52,"column":4},"end":{"line":52,"column":76}},"22":{"start":{"line":53,"column":4},"end":{"line":53,"column":18}},"23":{"start":{"line":57,"column":4},"end":{"line":61,"column":6}},"24":{"start":{"line":62,"column":18},"end":{"line":62,"column":39}},"25":{"start":{"line":63,"column":17},"end":{"line":63,"column":59}},"26":{"start":{"line":64,"column":4},"end":{"line":66,"column":null}},"27":{"start":{"line":65,"column":6},"end":{"line":65,"column":66}},"28":{"start":{"line":67,"column":21},"end":{"line":67,"column":45}},"29":{"start":{"line":68,"column":20},"end":{"line":70,"column":null}},"30":{"start":{"line":72,"column":4},"end":{"line":74,"column":null}},"31":{"start":{"line":73,"column":6},"end":{"line":73,"column":40}},"32":{"start":{"line":75,"column":20},"end":{"line":75,"column":68}},"33":{"start":{"line":76,"column":19},"end":{"line":76,"column":67}},"34":{"start":{"line":77,"column":31},"end":{"line":78,"column":null}},"35":{"start":{"line":80,"column":4},"end":{"line":80,"column":76}},"36":{"start":{"line":81,"column":4},"end":{"line":81,"column":18}},"37":{"start":{"line":85,"column":4},"end":{"line":89,"column":6}},"38":{"start":{"line":90,"column":4},"end":{"line":90,"column":56}},"39":{"start":{"line":97,"column":4},"end":{"line":101,"column":6}},"40":{"start":{"line":102,"column":17},"end":{"line":102,"column":57}},"41":{"start":{"line":103,"column":4},"end":{"line":105,"column":null}},"42":{"start":{"line":104,"column":6},"end":{"line":104,"column":72}},"43":{"start":{"line":108,"column":6},"end":{"line":110,"column":null}},"44":{"start":{"line":113,"column":4},"end":{"line":115,"column":null}},"45":{"start":{"line":114,"column":6},"end":{"line":114,"column":47}},"46":{"start":{"line":117,"column":19},"end":{"line":121,"column":6}},"47":{"start":{"line":122,"column":31},"end":{"line":123,"column":null}},"48":{"start":{"line":125,"column":4},"end":{"line":125,"column":75}},"49":{"start":{"line":126,"column":4},"end":{"line":126,"column":18}},"50":{"start":{"line":19,"column":13},"end":{"line":128,"column":null}},"51":{"start":{"line":19,"column":13},"end":{"line":19,"column":24}}},"fnMap":{"0":{"name":"(anonymous_2)","decl":{"start":{"line":20,"column":2},"end":{"line":20,"column":null}},"loc":{"start":{"line":24,"column":49},"end":{"line":25,"column":6}}},"1":{"name":"(anonymous_3)","decl":{"start":{"line":27,"column":2},"end":{"line":27,"column":7}},"loc":{"start":{"line":27,"column":51},"end":{"line":54,"column":3}}},"2":{"name":"(anonymous_4)","decl":{"start":{"line":56,"column":2},"end":{"line":56,"column":7}},"loc":{"start":{"line":56,"column":44},"end":{"line":82,"column":3}}},"3":{"name":"(anonymous_5)","decl":{"start":{"line":84,"column":2},"end":{"line":84,"column":7}},"loc":{"start":{"line":84,"column":29},"end":{"line":91,"column":3}}},"4":{"name":"(anonymous_6)","decl":{"start":{"line":93,"column":2},"end":{"line":93,"column":7}},"loc":{"start":{"line":95,"column":24},"end":{"line":127,"column":3}}}},"branchMap":{"0":{"loc":{"start":{"line":36,"column":4},"end":{"line":38,"column":null}},"type":"if","locations":[{"start":{"line":36,"column":4},"end":{"line":38,"column":null}}]},"1":{"loc":{"start":{"line":64,"column":4},"end":{"line":66,"column":null}},"type":"if","locations":[{"start":{"line":64,"column":4},"end":{"line":66,"column":null}}]},"2":{"loc":{"start":{"line":72,"column":4},"end":{"line":74,"column":null}},"type":"if","locations":[{"start":{"line":72,"column":4},"end":{"line":74,"column":null}}]},"3":{"loc":{"start":{"line":103,"column":4},"end":{"line":105,"column":null}},"type":"if","locations":[{"start":{"line":103,"column":4},"end":{"line":105,"column":null}}]},"4":{"loc":{"start":{"line":113,"column":4},"end":{"line":115,"column":null}},"type":"if","locations":[{"start":{"line":113,"column":4},"end":{"line":115,"column":null}}]}},"s":{"0":2,"1":2,"2":2,"3":2,"4":2,"5":2,"6":2,"7":9,"8":9,"9":9,"10":9,"11":2,"12":2,"13":2,"14":1,"15":1,"16":1,"17":1,"18":1,"19":1,"20":1,"21":1,"22":1,"23":3,"24":3,"25":3,"26":3,"27":1,"28":2,"29":2,"30":2,"31":1,"32":1,"33":1,"34":1,"35":1,"36":1,"37":1,"38":1,"39":3,"40":3,"41":3,"42":1,"43":2,"44":2,"45":1,"46":1,"47":1,"48":1,"49":1,"50":2,"51":2},"f":{"0":9,"1":2,"2":3,"3":1,"4":3},"b":{"0":[1],"1":[1],"2":[1],"3":[1],"4":[1]}}
,"/Users/davidguyonvarch/git/perso/nest-boilerplate/src/modules/auth/password.service.ts": {"path":"/Users/davidguyonvarch/git/perso/nest-boilerplate/src/modules/auth/password.service.ts","statementMap":{"0":{"start":{"line":1,"column":0},"end":{"line":1,"column":44}},"1":{"start":{"line":2,"column":0},"end":{"line":2,"column":38}},"2":{"start":{"line":5,"column":0},"end":{"line":13,"column":null}},"3":{"start":{"line":7,"column":4},"end":{"line":7,"column":44}},"4":{"start":{"line":11,"column":4},"end":{"line":11,"column":26}},"5":{"start":{"line":5,"column":13},"end":{"line":13,"column":null}},"6":{"start":{"line":5,"column":13},"end":{"line":5,"column":28}}},"fnMap":{"0":{"name":"(anonymous_1)","decl":{"start":{"line":6,"column":2},"end":{"line":6,"column":10}},"loc":{"start":{"line":6,"column":51},"end":{"line":8,"column":3}}},"1":{"name":"(anonymous_2)","decl":{"start":{"line":10,"column":2},"end":{"line":10,"column":6}},"loc":{"start":{"line":10,"column":23},"end":{"line":12,"column":3}}}},"branchMap":{},"s":{"0":3,"1":3,"2":3,"3":1,"4":1,"5":3,"6":3},"f":{"0":1,"1":1},"b":{}}
,"/Users/davidguyonvarch/git/perso/nest-boilerplate/src/modules/auth/tokens.service.ts": {"path":"/Users/davidguyonvarch/git/perso/nest-boilerplate/src/modules/auth/tokens.service.ts","statementMap":{"0":{"start":{"line":1,"column":0},"end":{"line":1,"column":44}},"1":{"start":{"line":2,"column":0},"end":{"line":2,"column":47}},"2":{"start":{"line":3,"column":0},"end":{"line":3,"column":41}},"3":{"start":{"line":4,"column":0},"end":{"line":4,"column":38}},"4":{"start":{"line":7,"column":0},"end":{"line":7,"column":43}},"5":{"start":{"line":13,"column":26},"end":{"line":73,"column":null}},"6":{"start":{"line":15,"column":21},"end":{"line":15,"column":36}},"7":{"start":{"line":16,"column":21},"end":{"line":16,"column":33}},"8":{"start":{"line":17,"column":21},"end":{"line":17,"column":36}},"9":{"start":{"line":21,"column":4},"end":{"line":24,"column":6}},"10":{"start":{"line":28,"column":4},"end":{"line":32,"column":6}},"11":{"start":{"line":39,"column":4},"end":{"line":39,"column":52}},"12":{"start":{"line":43,"column":4},"end":{"line":43,"column":30}},"13":{"start":{"line":47,"column":4},"end":{"line":51,"column":6}},"14":{"start":{"line":52,"column":4},"end":{"line":57,"column":7}},"15":{"start":{"line":61,"column":4},"end":{"line":65,"column":6}},"16":{"start":{"line":66,"column":4},"end":{"line":71,"column":7}},"17":{"start":{"line":13,"column":13},"end":{"line":73,"column":null}},"18":{"start":{"line":13,"column":13},"end":{"line":13,"column":26}}},"fnMap":{"0":{"name":"(anonymous_2)","decl":{"start":{"line":14,"column":2},"end":{"line":14,"column":null}},"loc":{"start":{"line":17,"column":49},"end":{"line":18,"column":6}}},"1":{"name":"(anonymous_3)","decl":{"start":{"line":20,"column":9},"end":{"line":20,"column":14}},"loc":{"start":{"line":20,"column":53},"end":{"line":25,"column":3}}},"2":{"name":"(anonymous_4)","decl":{"start":{"line":27,"column":9},"end":{"line":27,"column":32}},"loc":{"start":{"line":27,"column":48},"end":{"line":33,"column":3}}},"3":{"name":"(anonymous_5)","decl":{"start":{"line":35,"column":2},"end":{"line":35,"column":22}},"loc":{"start":{"line":37,"column":30},"end":{"line":40,"column":3}}},"4":{"name":"(anonymous_6)","decl":{"start":{"line":42,"column":2},"end":{"line":42,"column":18}},"loc":{"start":{"line":42,"column":39},"end":{"line":44,"column":3}}},"5":{"name":"(anonymous_7)","decl":{"start":{"line":46,"column":10},"end":{"line":46,"column":15}},"loc":{"start":{"line":46,"column":59},"end":{"line":58,"column":3}}},"6":{"name":"(anonymous_8)","decl":{"start":{"line":60,"column":10},"end":{"line":60,"column":15}},"loc":{"start":{"line":60,"column":60},"end":{"line":72,"column":3}}}},"branchMap":{},"s":{"0":3,"1":3,"2":3,"3":3,"4":3,"5":3,"6":4,"7":4,"8":4,"9":1,"10":1,"11":1,"12":1,"13":1,"14":1,"15":1,"16":1,"17":3,"18":3},"f":{"0":4,"1":1,"2":1,"3":1,"4":1,"5":1,"6":1},"b":{}}
,"/Users/davidguyonvarch/git/perso/nest-boilerplate/src/modules/auth/dto/auth.output.dto.ts": {"path":"/Users/davidguyonvarch/git/perso/nest-boilerplate/src/modules/auth/dto/auth.output.dto.ts","statementMap":{"0":{"start":{"line":1,"column":0},"end":{"line":1,"column":46}},"1":{"start":{"line":5,"column":2},"end":{"line":5,"column":null}},"2":{"start":{"line":8,"column":2},"end":{"line":8,"column":null}},"3":{"start":{"line":3,"column":0},"end":{"line":3,"column":13}}},"fnMap":{},"branchMap":{},"s":{"0":1,"1":1,"2":1,"3":1},"f":{},"b":{}}
,"/Users/davidguyonvarch/git/perso/nest-boilerplate/src/modules/auth/dto/index.ts": {"path":"/Users/davidguyonvarch/git/perso/nest-boilerplate/src/modules/auth/dto/index.ts","statementMap":{"0":{"start":{"line":1,"column":0},"end":{"line":1,"column":9}},"1":{"start":{"line":1,"column":9},"end":{"line":1,"column":50}},"2":{"start":{"line":2,"column":0},"end":{"line":2,"column":9}},"3":{"start":{"line":2,"column":9},"end":{"line":2,"column":50}},"4":{"start":{"line":3,"column":0},"end":{"line":3,"column":9}},"5":{"start":{"line":3,"column":9},"end":{"line":3,"column":56}}},"fnMap":{"0":{"name":"(anonymous_0)","decl":{"start":{"line":1,"column":9},"end":{"line":1,"column":22}},"loc":{"start":{"line":1,"column":9},"end":{"line":1,"column":50}}},"1":{"name":"(anonymous_1)","decl":{"start":{"line":2,"column":9},"end":{"line":2,"column":22}},"loc":{"start":{"line":2,"column":9},"end":{"line":2,"column":50}}},"2":{"name":"(anonymous_2)","decl":{"start":{"line":3,"column":9},"end":{"line":3,"column":25}},"loc":{"start":{"line":3,"column":9},"end":{"line":3,"column":56}}}},"branchMap":{},"s":{"0":1,"1":3,"2":1,"3":2,"4":1,"5":2},"f":{"0":2,"1":1,"2":1},"b":{}}
,"/Users/davidguyonvarch/git/perso/nest-boilerplate/src/modules/auth/dto/login.input.dto.ts": {"path":"/Users/davidguyonvarch/git/perso/nest-boilerplate/src/modules/auth/dto/login.input.dto.ts","statementMap":{"0":{"start":{"line":1,"column":0},"end":{"line":1,"column":46}},"1":{"start":{"line":2,"column":0},"end":{"line":2,"column":64}},"2":{"start":{"line":9,"column":2},"end":{"line":9,"column":null}},"3":{"start":{"line":13,"column":2},"end":{"line":13,"column":null}},"4":{"start":{"line":4,"column":0},"end":{"line":4,"column":13}}},"fnMap":{},"branchMap":{},"s":{"0":1,"1":1,"2":1,"3":1,"4":1},"f":{},"b":{}}
,"/Users/davidguyonvarch/git/perso/nest-boilerplate/src/modules/auth/dto/register.input.dto.ts": {"path":"/Users/davidguyonvarch/git/perso/nest-boilerplate/src/modules/auth/dto/register.input.dto.ts","statementMap":{"0":{"start":{"line":1,"column":0},"end":{"line":1,"column":46}},"1":{"start":{"line":2,"column":0},"end":{"line":2,"column":64}},"2":{"start":{"line":8,"column":2},"end":{"line":8,"column":null}},"3":{"start":{"line":13,"column":2},"end":{"line":13,"column":null}},"4":{"start":{"line":18,"column":2},"end":{"line":18,"column":null}},"5":{"start":{"line":4,"column":0},"end":{"line":4,"column":13}}},"fnMap":{},"branchMap":{},"s":{"0":1,"1":1,"2":1,"3":1,"4":1,"5":1},"f":{},"b":{}}
,"/Users/davidguyonvarch/git/perso/nest-boilerplate/src/modules/auth/exceptions/email-already-exists.exception.ts": {"path":"/Users/davidguyonvarch/git/perso/nest-boilerplate/src/modules/auth/exceptions/email-already-exists.exception.ts","statementMap":{"0":{"start":{"line":3,"column":4},"end":{"line":3,"column":44}},"1":{"start":{"line":4,"column":4},"end":{"line":4,"column":62}},"2":{"start":{"line":1,"column":0},"end":{"line":1,"column":13}}},"fnMap":{"0":{"name":"(anonymous_0)","decl":{"start":{"line":2,"column":2},"end":{"line":2,"column":14}},"loc":{"start":{"line":2,"column":27},"end":{"line":5,"column":3}}}},"branchMap":{},"s":{"0":1,"1":1,"2":2},"f":{"0":1},"b":{}}
,"/Users/davidguyonvarch/git/perso/nest-boilerplate/src/modules/auth/exceptions/index.ts": {"path":"/Users/davidguyonvarch/git/perso/nest-boilerplate/src/modules/auth/exceptions/index.ts","statementMap":{"0":{"start":{"line":1,"column":0},"end":{"line":1,"column":49}},"1":{"start":{"line":2,"column":0},"end":{"line":2,"column":34}},"2":{"start":{"line":3,"column":0},"end":{"line":3,"column":42}},"3":{"start":{"line":4,"column":0},"end":{"line":4,"column":49}},"4":{"start":{"line":5,"column":0},"end":{"line":5,"column":57}}},"fnMap":{},"branchMap":{},"s":{"0":2,"1":2,"2":2,"3":2,"4":2},"f":{},"b":{}}
,"/Users/davidguyonvarch/git/perso/nest-boilerplate/src/modules/auth/exceptions/login.exception.ts": {"path":"/Users/davidguyonvarch/git/perso/nest-boilerplate/src/modules/auth/exceptions/login.exception.ts","statementMap":{"0":{"start":{"line":3,"column":4},"end":{"line":3,"column":46}},"1":{"start":{"line":4,"column":4},"end":{"line":4,"column":58}},"2":{"start":{"line":1,"column":0},"end":{"line":1,"column":13}}},"fnMap":{"0":{"name":"(anonymous_0)","decl":{"start":{"line":2,"column":2},"end":{"line":2,"column":14}},"loc":{"start":{"line":2,"column":28},"end":{"line":5,"column":3}}}},"branchMap":{},"s":{"0":1,"1":1,"2":2},"f":{"0":1},"b":{}}
,"/Users/davidguyonvarch/git/perso/nest-boilerplate/src/modules/auth/exceptions/refresh-token.exception.ts": {"path":"/Users/davidguyonvarch/git/perso/nest-boilerplate/src/modules/auth/exceptions/refresh-token.exception.ts","statementMap":{"0":{"start":{"line":3,"column":4},"end":{"line":3,"column":53}},"1":{"start":{"line":4,"column":4},"end":{"line":4,"column":65}},"2":{"start":{"line":1,"column":0},"end":{"line":1,"column":13}}},"fnMap":{"0":{"name":"(anonymous_0)","decl":{"start":{"line":2,"column":2},"end":{"line":2,"column":14}},"loc":{"start":{"line":2,"column":28},"end":{"line":5,"column":3}}}},"branchMap":{},"s":{"0":1,"1":1,"2":2},"f":{"0":1},"b":{}}
,"/Users/davidguyonvarch/git/perso/nest-boilerplate/src/modules/auth/exceptions/user-not-found-login.exception.ts": {"path":"/Users/davidguyonvarch/git/perso/nest-boilerplate/src/modules/auth/exceptions/user-not-found-login.exception.ts","statementMap":{"0":{"start":{"line":3,"column":4},"end":{"line":3,"column":49}},"1":{"start":{"line":4,"column":4},"end":{"line":4,"column":70}},"2":{"start":{"line":1,"column":0},"end":{"line":1,"column":13}}},"fnMap":{"0":{"name":"(anonymous_0)","decl":{"start":{"line":2,"column":2},"end":{"line":2,"column":14}},"loc":{"start":{"line":2,"column":27},"end":{"line":5,"column":3}}}},"branchMap":{},"s":{"0":1,"1":1,"2":2},"f":{"0":1},"b":{}}
,"/Users/davidguyonvarch/git/perso/nest-boilerplate/src/modules/auth/exceptions/user-not-found-refresh-token.exception.ts": {"path":"/Users/davidguyonvarch/git/perso/nest-boilerplate/src/modules/auth/exceptions/user-not-found-refresh-token.exception.ts","statementMap":{"0":{"start":{"line":3,"column":4},"end":{"line":5,"column":6}},"1":{"start":{"line":6,"column":4},"end":{"line":6,"column":77}},"2":{"start":{"line":1,"column":0},"end":{"line":1,"column":13}}},"fnMap":{"0":{"name":"(anonymous_0)","decl":{"start":{"line":2,"column":2},"end":{"line":2,"column":14}},"loc":{"start":{"line":2,"column":56},"end":{"line":7,"column":3}}}},"branchMap":{},"s":{"0":1,"1":1,"2":2},"f":{"0":1},"b":{}}
,"/Users/davidguyonvarch/git/perso/nest-boilerplate/src/modules/users/users.controller.ts": {"path":"/Users/davidguyonvarch/git/perso/nest-boilerplate/src/modules/users/users.controller.ts","statementMap":{"0":{"start":{"line":1,"column":0},"end":{"line":1,"column":60}},"1":{"start":{"line":2,"column":0},"end":{"line":2,"column":72}},"2":{"start":{"line":3,"column":0},"end":{"line":3,"column":52}},"3":{"start":{"line":5,"column":0},"end":{"line":5,"column":50}},"4":{"start":{"line":6,"column":0},"end":{"line":6,"column":46}},"5":{"start":{"line":7,"column":0},"end":{"line":7,"column":38}},"6":{"start":{"line":8,"column":0},"end":{"line":8,"column":47}},"7":{"start":{"line":12,"column":0},"end":{"line":28,"column":null}},"8":{"start":{"line":13,"column":22},"end":{"line":13,"column":36}},"9":{"start":{"line":23,"column":15},"end":{"line":23,"column":55}},"10":{"start":{"line":24,"column":4},"end":{"line":26,"column":7}},"11":{"start":{"line":22,"column":2},"end":{"line":27,"column":null}},"12":{"start":{"line":12,"column":13},"end":{"line":28,"column":null}},"13":{"start":{"line":12,"column":13},"end":{"line":12,"column":28}}},"fnMap":{"0":{"name":"(anonymous_4)","decl":{"start":{"line":13,"column":2},"end":{"line":13,"column":22}},"loc":{"start":{"line":13,"column":48},"end":{"line":13,"column":52}}},"1":{"name":"(anonymous_5)","decl":{"start":{"line":22,"column":2},"end":{"line":22,"column":7}},"loc":{"start":{"line":22,"column":40},"end":{"line":27,"column":3}}}},"branchMap":{},"s":{"0":1,"1":1,"2":1,"3":1,"4":1,"5":1,"6":1,"7":1,"8":1,"9":1,"10":1,"11":1,"12":1,"13":1},"f":{"0":1,"1":1},"b":{}}
,"/Users/davidguyonvarch/git/perso/nest-boilerplate/src/modules/users/users.service.ts": {"path":"/Users/davidguyonvarch/git/perso/nest-boilerplate/src/modules/users/users.service.ts","statementMap":{"0":{"start":{"line":1,"column":0},"end":{"line":1,"column":44}},"1":{"start":{"line":3,"column":0},"end":{"line":3,"column":58}},"2":{"start":{"line":8,"column":25},"end":{"line":65,"column":null}},"3":{"start":{"line":10,"column":21},"end":{"line":10,"column":36}},"4":{"start":{"line":11,"column":21},"end":{"line":11,"column":36}},"5":{"start":{"line":15,"column":4},"end":{"line":19,"column":6}},"6":{"start":{"line":21,"column":4},"end":{"line":23,"column":7}},"7":{"start":{"line":30,"column":4},"end":{"line":34,"column":6}},"8":{"start":{"line":36,"column":4},"end":{"line":39,"column":7}},"9":{"start":{"line":43,"column":4},"end":{"line":47,"column":6}},"10":{"start":{"line":48,"column":28},"end":{"line":50,"column":6}},"11":{"start":{"line":51,"column":4},"end":{"line":51,"column":16}},"12":{"start":{"line":55,"column":4},"end":{"line":59,"column":6}},"13":{"start":{"line":60,"column":28},"end":{"line":62,"column":6}},"14":{"start":{"line":63,"column":4},"end":{"line":63,"column":16}},"15":{"start":{"line":8,"column":13},"end":{"line":65,"column":null}},"16":{"start":{"line":8,"column":13},"end":{"line":8,"column":25}}},"fnMap":{"0":{"name":"(anonymous_2)","decl":{"start":{"line":9,"column":2},"end":{"line":9,"column":null}},"loc":{"start":{"line":11,"column":49},"end":{"line":12,"column":6}}},"1":{"name":"(anonymous_3)","decl":{"start":{"line":14,"column":2},"end":{"line":14,"column":7}},"loc":{"start":{"line":14,"column":36},"end":{"line":24,"column":3}}},"2":{"name":"(anonymous_4)","decl":{"start":{"line":26,"column":2},"end":{"line":26,"column":7}},"loc":{"start":{"line":28,"column":25},"end":{"line":40,"column":3}}},"3":{"name":"(anonymous_5)","decl":{"start":{"line":42,"column":2},"end":{"line":42,"column":7}},"loc":{"start":{"line":42,"column":33},"end":{"line":52,"column":3}}},"4":{"name":"(anonymous_6)","decl":{"start":{"line":54,"column":2},"end":{"line":54,"column":7}},"loc":{"start":{"line":54,"column":27},"end":{"line":64,"column":3}}}},"branchMap":{},"s":{"0":4,"1":4,"2":4,"3":4,"4":4,"5":1,"6":1,"7":1,"8":1,"9":1,"10":1,"11":1,"12":1,"13":1,"14":1,"15":4,"16":4},"f":{"0":4,"1":1,"2":1,"3":1,"4":1},"b":{}}
,"/Users/davidguyonvarch/git/perso/nest-boilerplate/src/modules/users/dto/index.ts": {"path":"/Users/davidguyonvarch/git/perso/nest-boilerplate/src/modules/users/dto/index.ts","statementMap":{"0":{"start":{"line":1,"column":0},"end":{"line":1,"column":33}},"1":{"start":{"line":2,"column":0},"end":{"line":2,"column":34}}},"fnMap":{},"branchMap":{},"s":{"0":1,"1":1},"f":{},"b":{}}
,"/Users/davidguyonvarch/git/perso/nest-boilerplate/src/modules/users/dto/user.input.dto.ts": {"path":"/Users/davidguyonvarch/git/perso/nest-boilerplate/src/modules/users/dto/user.input.dto.ts","statementMap":{"0":{"start":{"line":1,"column":0},"end":{"line":1,"column":13}}},"fnMap":{},"branchMap":{},"s":{"0":1},"f":{},"b":{}}
,"/Users/davidguyonvarch/git/perso/nest-boilerplate/src/modules/users/dto/user.output.dto.ts": {"path":"/Users/davidguyonvarch/git/perso/nest-boilerplate/src/modules/users/dto/user.output.dto.ts","statementMap":{"0":{"start":{"line":1,"column":0},"end":{"line":1,"column":46}},"1":{"start":{"line":2,"column":0},"end":{"line":2,"column":43}},"2":{"start":{"line":7,"column":2},"end":{"line":7,"column":null}},"3":{"start":{"line":11,"column":2},"end":{"line":11,"column":null}},"4":{"start":{"line":15,"column":2},"end":{"line":15,"column":null}},"5":{"start":{"line":19,"column":2},"end":{"line":19,"column":null}},"6":{"start":{"line":23,"column":2},"end":{"line":23,"column":null}},"7":{"start":{"line":27,"column":2},"end":{"line":27,"column":null}},"8":{"start":{"line":4,"column":0},"end":{"line":4,"column":13}}},"fnMap":{},"branchMap":{},"s":{"0":1,"1":1,"2":1,"3":1,"4":1,"5":1,"6":1,"7":1,"8":1},"f":{},"b":{}}
}
